<?xml version="1.0" encoding="UTF-8" ?>
<testsuite errors="0" failures="1" hostname="pcadt" name="TestSeleniumBidonWdFailure" tests="1" time="13.124" timestamp="2012-03-16T15:20:48">
  <properties>
[...]
</properties>
  <testcase classname="TestSeleniumBidonWdFailure" name="testSeleniumBidonWd" time="12.983">
    <failure type="junit.framework.AssertionFailedError">junit.framework.AssertionFailedError
	at TestSeleniumBidonWdFailure.testSeleniumBidonWd(Unknown Source)
	at server.TestExecutor.runTest(TestExecutor.java:151)
	at org.apache.xmlrpc.server.ReflectiveXmlRpcHandler.invoke(ReflectiveXmlRpcHandler.java:115)
	at org.apache.xmlrpc.server.ReflectiveXmlRpcHandler.execute(ReflectiveXmlRpcHandler.java:106)
	at org.apache.xmlrpc.server.XmlRpcServerWorker.execute(XmlRpcServerWorker.java:46)
	at org.apache.xmlrpc.server.XmlRpcServer.execute(XmlRpcServer.java:86)
	at org.apache.xmlrpc.server.XmlRpcStreamServer.execute(XmlRpcStreamServer.java:200)
	at org.apache.xmlrpc.webserver.Connection.run(Connection.java:208)
	at org.apache.xmlrpc.util.ThreadPool$Poolable$1.run(ThreadPool.java:68)
</failure>
  </testcase>
  <system-out><![CDATA[]]></system-out>
  <system-err><![CDATA[]]></system-err>
</testsuite>
