<?xml version="1.0" encoding="UTF-8" ?>
<testsuite errors="1" failures="0" hostname="pcadt" name="com.example.tests.NuTest" tests="1" time="0.0" timestamp="2012-04-17T14:19:08">
  <properties>
[...]
</properties>
  <error message="com.example.tests.NuTest" type="java.lang.ClassNotFoundException">java.lang.ClassNotFoundException: com.example.tests.NuTest
	at java.net.URLClassLoader$1.run(URLClassLoader.java:366)
	at java.net.URLClassLoader$1.run(URLClassLoader.java:355)
	at java.security.AccessController.doPrivileged(Native Method)
	at java.net.URLClassLoader.findClass(URLClassLoader.java:354)
	at java.lang.ClassLoader.loadClass(ClassLoader.java:423)
	at sun.misc.Launcher$AppClassLoader.loadClass(Launcher.java:308)
	at java.lang.ClassLoader.loadClass(ClassLoader.java:356)
	at java.lang.ClassLoader.loadClass(ClassLoader.java:356)
	at java.lang.Class.forName0(Native Method)
	at java.lang.Class.forName(Class.java:264)
	at server.TestExecutor.testRunRoutine(TestExecutor.java:164)
	at server.TestExecutor.runTest(TestExecutor.java:117)
	at server.TestExecutor.runTestHashMap(TestExecutor.java:227)
	at server.TestExecutorTest.testRunTest_new_nameOnly(TestExecutorTest.java:63)
	at org.eclipse.jdt.internal.junit4.runner.JUnit4TestReference.run(JUnit4TestReference.java:50)
	at org.eclipse.jdt.internal.junit.runner.TestExecution.run(TestExecution.java:38)
	at org.eclipse.jdt.internal.junit.runner.RemoteTestRunner.runTests(RemoteTestRunner.java:467)
	at org.eclipse.jdt.internal.junit.runner.RemoteTestRunner.runTests(RemoteTestRunner.java:683)
	at org.eclipse.jdt.internal.junit.runner.RemoteTestRunner.run(RemoteTestRunner.java:390)
	at org.eclipse.jdt.internal.junit.runner.RemoteTestRunner.main(RemoteTestRunner.java:197)
</error>
  <system-out><![CDATA[]]></system-out>
  <system-err><![CDATA[]]></system-err>
</testsuite>
